Copyright 1986-2018 Xilinx, Inc. All Rights Reserved.
--------------------------------------------------------------------------------------------
| Tool Version : Vivado v.2018.3_AR71948 (lin64) Build 2405991 Thu Dec  6 23:36:41 MST 2018
| Date         : Sun Oct 13 17:45:21 2019
| Host         : Wei-Berkeley running 64-bit Ubuntu 18.04.3 LTS
| Command      : upgrade_ip
| Device       : xc7k160tfbg676-1
--------------------------------------------------------------------------------------------

Upgrade Log for IP 'FIFO_for_AXIS_0'

1. Summary
----------

SUCCESS in the upgrade of FIFO_for_AXIS_0 (user.org:user:FIFO_for_AXIS:1.2) from (Rev. 15) to (Rev. 16)






Copyright 1986-2018 Xilinx, Inc. All Rights Reserved.
--------------------------------------------------------------------------------------------
| Tool Version : Vivado v.2018.3_AR71948 (lin64) Build 2405991 Thu Dec  6 23:36:41 MST 2018
| Date         : Sun Oct 13 17:43:50 2019
| Host         : Wei-Berkeley running 64-bit Ubuntu 18.04.3 LTS
| Command      : upgrade_ip
| Device       : xc7k160tfbg676-1
--------------------------------------------------------------------------------------------

Upgrade Log for IP 'FIFO_for_AXIS_0'

1. Summary
----------

SUCCESS in the upgrade of FIFO_for_AXIS_0 (user.org:user:FIFO_for_AXIS:1.2) from (Rev. 14) to (Rev. 15)






Copyright 1986-2018 Xilinx, Inc. All Rights Reserved.
--------------------------------------------------------------------------------------------
| Tool Version : Vivado v.2018.3_AR71948 (lin64) Build 2405991 Thu Dec  6 23:36:41 MST 2018
| Date         : Sun Oct 13 16:47:24 2019
| Host         : Wei-Berkeley running 64-bit Ubuntu 18.04.3 LTS
| Command      : upgrade_ip
| Device       : xc7k160tfbg676-1
--------------------------------------------------------------------------------------------

Upgrade Log for IP 'FIFO_for_AXIS_0'

1. Summary
----------

SUCCESS in the upgrade of FIFO_for_AXIS_0 (user.org:user:FIFO_for_AXIS:1.2) from (Rev. 13) to (Rev. 14)

