#-----------------------------------------------------------
# Vivado v2018.3.1_AR71948 (64-bit)
# SW Build 2489853 on Tue Mar 26 04:18:30 MDT 2019
# IP Build 2486929 on Tue Mar 26 06:44:21 MDT 2019
# Start of session at: Fri Apr  3 12:31:57 2020
# Process ID: 14288
# Current directory: /media/wei/DATA/LW/Project/Vivado_Project/Panoseti/V0105/quabo_master/scripts
# Command line: vivado -mode tcl
# Log file: /media/wei/DATA/LW/Project/Vivado_Project/Panoseti/V0105/quabo_master/scripts/vivado.log
# Journal file: /media/wei/DATA/LW/Project/Vivado_Project/Panoseti/V0105/quabo_master/scripts/vivado.jou
#-----------------------------------------------------------
source -notrace create_binfile.tcl 
/media/wei/DATA/LW/Project/Vivado_Project/Panoseti/V0105/build/quabo_V0105
/media/wei/DATA/LW/Project/Vivado_Project/Panoseti/V0105/build/quabo_V0105/quabo_V0105.xpr
Scanning sources...
Finished scanning sources
INFO: [IP_Flow 19-234] Refreshing IP repositories
INFO: [IP_Flow 19-1700] Loaded user IP repository '/media/wei/DATA/LW/Project/Vivado_Project/Panoseti/V0105/build/ip_repo/test_1.0'.
INFO: [IP_Flow 19-1700] Loaded user IP repository '/media/wei/DATA/LW/Project/Vivado_Project/Panoseti/V0105/quabo_master/ip_repo'.
INFO: [IP_Flow 19-2313] Loaded Vivado IP repository '/home/wei/Software/Vivado/install/Vivado/2018.3/data/ip'.
open_project: Time (s): cpu = 00:00:06 ; elapsed = 00:00:11 . Memory (MB): peak = 1436.742 ; gain = 47.797 ; free physical = 15424 ; free virtual = 34847
INFO: [Netlist 29-17] Analyzing 4508 Unisim elements for replacement
INFO: [Netlist 29-28] Unisim Transformation completed in 0 CPU seconds
INFO: [Project 1-479] Netlist was created with Vivado 2018.3.1_AR71948
INFO: [Device 21-403] Loading part xc7k160tffg676-1
INFO: [Project 1-570] Preparing netlist for logic optimization
INFO: [Timing 38-478] Restoring timing data from binary archive.
INFO: [Timing 38-479] Binary timing data restore complete.
INFO: [Project 1-856] Restoring constraints from binary archive.
INFO: [Project 1-853] Binary constraint restore complete.
Reading XDEF placement.
Reading placer database...
Reading XDEF routing.
Read XDEF File: Time (s): cpu = 00:00:03 ; elapsed = 00:00:03 . Memory (MB): peak = 2635.219 ; gain = 69.961 ; free physical = 14260 ; free virtual = 33735
Restored from archive | CPU: 2.800000 secs | Memory: 75.093193 MB |
Finished XDEF File Restore: Time (s): cpu = 00:00:03 ; elapsed = 00:00:03 . Memory (MB): peak = 2635.219 ; gain = 69.961 ; free physical = 14260 ; free virtual = 33735
Generating merged BMM file for the design top 'base_mb_wrapper'...
INFO: [Memdata 28-144] Successfully populated the BRAM INIT strings from the following elf files: /media/wei/DATA/LW/Project/Vivado_Project/Panoseti/V0105/quabo_master/SDK/quabo_service/Debug/quabo_service.elf 
Netlist sorting complete. Time (s): cpu = 00:00:00.01 ; elapsed = 00:00:00.01 . Memory (MB): peak = 3379.582 ; gain = 0.000 ; free physical = 14269 ; free virtual = 33745
INFO: [Project 1-111] Unisim Transformation Summary:
  A total of 978 instances were transformed.
  CFGLUT5 => CFGLUT5 (SRLC32E, SRL16E): 116 instances
  IOBUF => IOBUF (IBUF, OBUFT): 7 instances
  LUT6_2 => LUT6_2 (LUT5, LUT6): 31 instances
  RAM32M => RAM32M (RAMD32, RAMD32, RAMD32, RAMD32, RAMD32, RAMD32, RAMS32, RAMS32): 38 instances
  RAM32X1D => RAM32X1D (RAMD32, RAMD32): 32 instances
  RAM64M => RAM64M (RAMD64E, RAMD64E, RAMD64E, RAMD64E): 336 instances
  RAM64X1D => RAM64X1D (RAMD64E, RAMD64E): 368 instances
  SRLC16E => SRL16E: 1 instances
  SRLC32E => SRL16E: 49 instances

open_run: Time (s): cpu = 00:01:04 ; elapsed = 00:00:33 . Memory (MB): peak = 3379.582 ; gain = 1942.840 ; free physical = 14269 ; free virtual = 33745
epoch time 585942467 hex value 22ECC5C3
Input a four-character version number
Version is 010X
INIT String is 64'h3031305822ECC5C3
Running write_bitstream, will take a couple minutes
Command: write_cfgmem -force -format bin -size 32 -interface SPIx1 -loadbit {up 0x00000000 "quabo_fwid.bit" } -file quabo_010X_22ECC5C3.bin
Creating config memory files...
Creating bitstream load up from address 0x00000000
Loading bitfile quabo_fwid.bit
Writing file ./quabo_010X_22ECC5C3.bin
Writing log file ./quabo_010X_22ECC5C3.prm
===================================
Configuration Memory information
===================================
File Format        BIN
Interface          SPIX1
Size               32M
Start Address      0x00000000
End Address        0x01FFFFFF

Addr1         Addr2         Date                    File(s)
0x00000000    0x00661EDB    Apr  3 12:40:33 2020    quabo_fwid.bit
15 Infos, 0 Warnings, 0 Critical Warnings and 0 Errors encountered.
write_cfgmem completed successfully
source -notrace create_binfile.tcl
/media/wei/DATA/LW/Project/Vivado_Project/Panoseti/V0105/build/quabo_V0105
/media/wei/DATA/LW/Project/Vivado_Project/Panoseti/V0105/build/quabo_V0105/quabo_V0105.xpr
Scanning sources...
Finished scanning sources
INFO: [IP_Flow 19-234] Refreshing IP repositories
INFO: [IP_Flow 19-1700] Loaded user IP repository '/media/wei/DATA/LW/Project/Vivado_Project/Panoseti/V0105/build/ip_repo/test_1.0'.
INFO: [IP_Flow 19-1700] Loaded user IP repository '/media/wei/DATA/LW/Project/Vivado_Project/Panoseti/V0105/quabo_master/ip_repo'.
INFO: [IP_Flow 19-2313] Loaded Vivado IP repository '/home/wei/Software/Vivado/install/Vivado/2018.3/data/ip'.
open_project: Time (s): cpu = 00:00:05 ; elapsed = 00:00:10 . Memory (MB): peak = 3379.582 ; gain = 0.000 ; free physical = 10974 ; free virtual = 33243
INFO: [Netlist 29-17] Analyzing 4508 Unisim elements for replacement
INFO: [Netlist 29-28] Unisim Transformation completed in 0 CPU seconds
INFO: [Project 1-479] Netlist was created with Vivado 2018.3.1_AR71948
INFO: [Project 1-570] Preparing netlist for logic optimization
INFO: [Timing 38-478] Restoring timing data from binary archive.
INFO: [Timing 38-479] Binary timing data restore complete.
INFO: [Project 1-856] Restoring constraints from binary archive.
INFO: [Project 1-853] Binary constraint restore complete.
Reading XDEF placement.
Reading placer database...
Reading XDEF routing.
Read XDEF File: Time (s): cpu = 00:00:03 ; elapsed = 00:00:03 . Memory (MB): peak = 3379.582 ; gain = 0.000 ; free physical = 10582 ; free virtual = 32852
Restored from archive | CPU: 2.740000 secs | Memory: 74.113510 MB |
Finished XDEF File Restore: Time (s): cpu = 00:00:03 ; elapsed = 00:00:03 . Memory (MB): peak = 3379.582 ; gain = 0.000 ; free physical = 10582 ; free virtual = 32852
Generating merged BMM file for the design top 'base_mb_wrapper'...
INFO: [Memdata 28-144] Successfully populated the BRAM INIT strings from the following elf files: /media/wei/DATA/LW/Project/Vivado_Project/Panoseti/V0105/quabo_master/SDK/quabo_service/Debug/quabo_service.elf 
Netlist sorting complete. Time (s): cpu = 00:00:00.01 ; elapsed = 00:00:00.02 . Memory (MB): peak = 3989.203 ; gain = 0.000 ; free physical = 10593 ; free virtual = 32862
INFO: [Project 1-111] Unisim Transformation Summary:
  A total of 978 instances were transformed.
  CFGLUT5 => CFGLUT5 (SRLC32E, SRL16E): 116 instances
  IOBUF => IOBUF (IBUF, OBUFT): 7 instances
  LUT6_2 => LUT6_2 (LUT5, LUT6): 31 instances
  RAM32M => RAM32M (RAMD32, RAMD32, RAMD32, RAMD32, RAMD32, RAMD32, RAMS32, RAMS32): 38 instances
  RAM32X1D => RAM32X1D (RAMD32, RAMD32): 32 instances
  RAM64M => RAM64M (RAMD64E, RAMD64E, RAMD64E, RAMD64E): 336 instances
  RAM64X1D => RAM64X1D (RAMD64E, RAMD64E): 368 instances
  SRLC16E => SRL16E: 1 instances
  SRLC32E => SRL16E: 49 instances

open_run: Time (s): cpu = 00:00:56 ; elapsed = 00:00:25 . Memory (MB): peak = 3989.203 ; gain = 609.621 ; free physical = 10593 ; free virtual = 32862
epoch time 585947231 hex value 22ECD85F
Input a four-character version number
Version is 010X
INIT String is 64'h3031305822ECD85F
Running write_bitstream, will take a couple minutes
Command: write_cfgmem -force -format bin -size 32 -interface SPIx1 -loadbit {up 0x00000000 "quabo_fwid.bit" } -file quabo_010X_22ECD85F.bin
Creating config memory files...
Creating bitstream load up from address 0x00000000
Loading bitfile quabo_fwid.bit
Writing file ./quabo_010X_22ECD85F.bin
Writing log file ./quabo_010X_22ECD85F.prm
===================================
Configuration Memory information
===================================
File Format        BIN
Interface          SPIX1
Size               32M
Start Address      0x00000000
End Address        0x01FFFFFF

Addr1         Addr2         Date                    File(s)
0x00000000    0x00661EDB    Apr  3 13:54:16 2020    quabo_fwid.bit
14 Infos, 0 Warnings, 0 Critical Warnings and 0 Errors encountered.
write_cfgmem completed successfully
source -notrace create_binfile.tcl
/media/wei/DATA/LW/Project/Vivado_Project/Panoseti/V0105/build/quabo_V0105
/media/wei/DATA/LW/Project/Vivado_Project/Panoseti/V0105/build/quabo_V0105/quabo_V0105.xpr
Scanning sources...
Finished scanning sources
INFO: [IP_Flow 19-234] Refreshing IP repositories
INFO: [IP_Flow 19-1700] Loaded user IP repository '/media/wei/DATA/LW/Project/Vivado_Project/Panoseti/V0105/build/ip_repo/test_1.0'.
INFO: [IP_Flow 19-1700] Loaded user IP repository '/media/wei/DATA/LW/Project/Vivado_Project/Panoseti/V0105/quabo_master/ip_repo'.
INFO: [IP_Flow 19-2313] Loaded Vivado IP repository '/home/wei/Software/Vivado/install/Vivado/2018.3/data/ip'.
open_project: Time (s): cpu = 00:00:05 ; elapsed = 00:00:10 . Memory (MB): peak = 3989.203 ; gain = 0.000 ; free physical = 8548 ; free virtual = 31563
INFO: [Netlist 29-17] Analyzing 4508 Unisim elements for replacement
INFO: [Netlist 29-28] Unisim Transformation completed in 0 CPU seconds
INFO: [Project 1-479] Netlist was created with Vivado 2018.3.1_AR71948
INFO: [Project 1-570] Preparing netlist for logic optimization
INFO: [Timing 38-478] Restoring timing data from binary archive.
INFO: [Timing 38-479] Binary timing data restore complete.
INFO: [Project 1-856] Restoring constraints from binary archive.
INFO: [Project 1-853] Binary constraint restore complete.
Reading XDEF placement.
Reading placer database...
Reading XDEF routing.
Read XDEF File: Time (s): cpu = 00:00:03 ; elapsed = 00:00:03 . Memory (MB): peak = 3989.203 ; gain = 0.000 ; free physical = 8232 ; free virtual = 31248
Restored from archive | CPU: 2.740000 secs | Memory: 74.113510 MB |
Finished XDEF File Restore: Time (s): cpu = 00:00:03 ; elapsed = 00:00:03 . Memory (MB): peak = 3989.203 ; gain = 0.000 ; free physical = 8232 ; free virtual = 31248
Generating merged BMM file for the design top 'base_mb_wrapper'...
INFO: [Memdata 28-144] Successfully populated the BRAM INIT strings from the following elf files: /media/wei/DATA/LW/Project/Vivado_Project/Panoseti/V0105/quabo_master/SDK/quabo_service/Debug/quabo_service.elf 
Netlist sorting complete. Time (s): cpu = 00:00:00.01 ; elapsed = 00:00:00.02 . Memory (MB): peak = 4019.500 ; gain = 0.000 ; free physical = 8247 ; free virtual = 31263
INFO: [Project 1-111] Unisim Transformation Summary:
  A total of 978 instances were transformed.
  CFGLUT5 => CFGLUT5 (SRLC32E, SRL16E): 116 instances
  IOBUF => IOBUF (IBUF, OBUFT): 7 instances
  LUT6_2 => LUT6_2 (LUT5, LUT6): 31 instances
  RAM32M => RAM32M (RAMD32, RAMD32, RAMD32, RAMD32, RAMD32, RAMD32, RAMS32, RAMS32): 38 instances
  RAM32X1D => RAM32X1D (RAMD32, RAMD32): 32 instances
  RAM64M => RAM64M (RAMD64E, RAMD64E, RAMD64E, RAMD64E): 336 instances
  RAM64X1D => RAM64X1D (RAMD64E, RAMD64E): 368 instances
  SRLC16E => SRL16E: 1 instances
  SRLC32E => SRL16E: 49 instances

open_run: Time (s): cpu = 00:00:57 ; elapsed = 00:00:26 . Memory (MB): peak = 4019.500 ; gain = 30.297 ; free physical = 8247 ; free virtual = 31263
epoch time 585951657 hex value 22ECE9A9
Input a four-character version number
Version is 010X
INIT String is 64'h3031305822ECE9A9
Running write_bitstream, will take a couple minutes
Command: write_cfgmem -force -format bin -size 32 -interface SPIx1 -loadbit {up 0x00000000 "quabo_fwid.bit" } -file quabo_010X_22ECE9A9.bin
Creating config memory files...
Creating bitstream load up from address 0x00000000
Loading bitfile quabo_fwid.bit
Writing file ./quabo_010X_22ECE9A9.bin
Writing log file ./quabo_010X_22ECE9A9.prm
===================================
Configuration Memory information
===================================
File Format        BIN
Interface          SPIX1
Size               32M
Start Address      0x00000000
End Address        0x01FFFFFF

Addr1         Addr2         Date                    File(s)
0x00000000    0x00661EDB    Apr  3 15:08:19 2020    quabo_fwid.bit
14 Infos, 0 Warnings, 0 Critical Warnings and 0 Errors encountered.
write_cfgmem completed successfully
source -notrace create_binfile.tcl
/media/wei/DATA/LW/Project/Vivado_Project/Panoseti/V0105/build/quabo_V0105
/media/wei/DATA/LW/Project/Vivado_Project/Panoseti/V0105/build/quabo_V0105/quabo_V0105.xpr
Scanning sources...
Finished scanning sources
INFO: [IP_Flow 19-234] Refreshing IP repositories
INFO: [IP_Flow 19-1700] Loaded user IP repository '/media/wei/DATA/LW/Project/Vivado_Project/Panoseti/V0105/build/ip_repo/test_1.0'.
INFO: [IP_Flow 19-1700] Loaded user IP repository '/media/wei/DATA/LW/Project/Vivado_Project/Panoseti/V0105/quabo_master/ip_repo'.
INFO: [IP_Flow 19-2313] Loaded Vivado IP repository '/home/wei/Software/Vivado/install/Vivado/2018.3/data/ip'.
open_project: Time (s): cpu = 00:00:05 ; elapsed = 00:00:10 . Memory (MB): peak = 4019.500 ; gain = 0.000 ; free physical = 5966 ; free virtual = 31151
INFO: [Netlist 29-17] Analyzing 4508 Unisim elements for replacement
INFO: [Netlist 29-28] Unisim Transformation completed in 0 CPU seconds
INFO: [Project 1-479] Netlist was created with Vivado 2018.3.1_AR71948
INFO: [Project 1-570] Preparing netlist for logic optimization
INFO: [Timing 38-478] Restoring timing data from binary archive.
INFO: [Timing 38-479] Binary timing data restore complete.
INFO: [Project 1-856] Restoring constraints from binary archive.
INFO: [Project 1-853] Binary constraint restore complete.
Reading XDEF placement.
Reading placer database...
Reading XDEF routing.
Read XDEF File: Time (s): cpu = 00:00:03 ; elapsed = 00:00:03 . Memory (MB): peak = 4019.500 ; gain = 0.000 ; free physical = 5688 ; free virtual = 30873
Restored from archive | CPU: 2.770000 secs | Memory: 74.113510 MB |
Finished XDEF File Restore: Time (s): cpu = 00:00:03 ; elapsed = 00:00:03 . Memory (MB): peak = 4019.500 ; gain = 0.000 ; free physical = 5688 ; free virtual = 30873
Generating merged BMM file for the design top 'base_mb_wrapper'...
INFO: [Memdata 28-144] Successfully populated the BRAM INIT strings from the following elf files: /media/wei/DATA/LW/Project/Vivado_Project/Panoseti/V0105/quabo_master/SDK/quabo_service/Debug/quabo_service.elf 
Netlist sorting complete. Time (s): cpu = 00:00:00.02 ; elapsed = 00:00:00.02 . Memory (MB): peak = 4047.797 ; gain = 0.000 ; free physical = 5691 ; free virtual = 30877
INFO: [Project 1-111] Unisim Transformation Summary:
  A total of 978 instances were transformed.
  CFGLUT5 => CFGLUT5 (SRLC32E, SRL16E): 116 instances
  IOBUF => IOBUF (IBUF, OBUFT): 7 instances
  LUT6_2 => LUT6_2 (LUT5, LUT6): 31 instances
  RAM32M => RAM32M (RAMD32, RAMD32, RAMD32, RAMD32, RAMD32, RAMD32, RAMS32, RAMS32): 38 instances
  RAM32X1D => RAM32X1D (RAMD32, RAMD32): 32 instances
  RAM64M => RAM64M (RAMD64E, RAMD64E, RAMD64E, RAMD64E): 336 instances
  RAM64X1D => RAM64X1D (RAMD64E, RAMD64E): 368 instances
  SRLC16E => SRL16E: 1 instances
  SRLC32E => SRL16E: 49 instances

open_run: Time (s): cpu = 00:00:56 ; elapsed = 00:00:26 . Memory (MB): peak = 4047.797 ; gain = 28.297 ; free physical = 5691 ; free virtual = 30877
epoch time 585954295 hex value 22ECF3F7
Input a four-character version number
Version is 010X
INIT String is 64'h3031305822ECF3F7
Running write_bitstream, will take a couple minutes
Command: write_cfgmem -force -format bin -size 32 -interface SPIx1 -loadbit {up 0x00000000 "quabo_fwid.bit" } -file quabo_010X_22ECF3F7.bin
Creating config memory files...
Creating bitstream load up from address 0x00000000
Loading bitfile quabo_fwid.bit
Writing file ./quabo_010X_22ECF3F7.bin
Writing log file ./quabo_010X_22ECF3F7.prm
===================================
Configuration Memory information
===================================
File Format        BIN
Interface          SPIX1
Size               32M
Start Address      0x00000000
End Address        0x01FFFFFF

Addr1         Addr2         Date                    File(s)
0x00000000    0x00661EDB    Apr  3 15:52:10 2020    quabo_fwid.bit
14 Infos, 0 Warnings, 0 Critical Warnings and 0 Errors encountered.
write_cfgmem completed successfully
source -notrace create_binfile.tcl
/media/wei/DATA/LW/Project/Vivado_Project/Panoseti/V0105/build/quabo_V0105
/media/wei/DATA/LW/Project/Vivado_Project/Panoseti/V0105/build/quabo_V0105/quabo_V0105.xpr
Scanning sources...
Finished scanning sources
INFO: [IP_Flow 19-234] Refreshing IP repositories
INFO: [IP_Flow 19-1700] Loaded user IP repository '/media/wei/DATA/LW/Project/Vivado_Project/Panoseti/V0105/build/ip_repo/test_1.0'.
INFO: [IP_Flow 19-1700] Loaded user IP repository '/media/wei/DATA/LW/Project/Vivado_Project/Panoseti/V0105/quabo_master/ip_repo'.
INFO: [IP_Flow 19-2313] Loaded Vivado IP repository '/home/wei/Software/Vivado/install/Vivado/2018.3/data/ip'.
open_project: Time (s): cpu = 00:00:05 ; elapsed = 00:00:10 . Memory (MB): peak = 4047.797 ; gain = 0.000 ; free physical = 5572 ; free virtual = 30814
INFO: [Netlist 29-17] Analyzing 4508 Unisim elements for replacement
INFO: [Netlist 29-28] Unisim Transformation completed in 0 CPU seconds
INFO: [Project 1-479] Netlist was created with Vivado 2018.3.1_AR71948
INFO: [Project 1-570] Preparing netlist for logic optimization
INFO: [Timing 38-478] Restoring timing data from binary archive.
INFO: [Timing 38-479] Binary timing data restore complete.
INFO: [Project 1-856] Restoring constraints from binary archive.
INFO: [Project 1-853] Binary constraint restore complete.
Reading XDEF placement.
Reading placer database...
Reading XDEF routing.
Read XDEF File: Time (s): cpu = 00:00:03 ; elapsed = 00:00:03 . Memory (MB): peak = 4047.797 ; gain = 0.000 ; free physical = 5310 ; free virtual = 30552
Restored from archive | CPU: 2.820000 secs | Memory: 74.113510 MB |
Finished XDEF File Restore: Time (s): cpu = 00:00:03 ; elapsed = 00:00:03 . Memory (MB): peak = 4047.797 ; gain = 0.000 ; free physical = 5310 ; free virtual = 30552
Generating merged BMM file for the design top 'base_mb_wrapper'...
INFO: [Memdata 28-144] Successfully populated the BRAM INIT strings from the following elf files: /media/wei/DATA/LW/Project/Vivado_Project/Panoseti/V0105/quabo_master/SDK/quabo_service/Debug/quabo_service.elf 
Netlist sorting complete. Time (s): cpu = 00:00:00.02 ; elapsed = 00:00:00.02 . Memory (MB): peak = 4059.086 ; gain = 0.000 ; free physical = 5311 ; free virtual = 30554
INFO: [Project 1-111] Unisim Transformation Summary:
  A total of 978 instances were transformed.
  CFGLUT5 => CFGLUT5 (SRLC32E, SRL16E): 116 instances
  IOBUF => IOBUF (IBUF, OBUFT): 7 instances
  LUT6_2 => LUT6_2 (LUT5, LUT6): 31 instances
  RAM32M => RAM32M (RAMD32, RAMD32, RAMD32, RAMD32, RAMD32, RAMD32, RAMS32, RAMS32): 38 instances
  RAM32X1D => RAM32X1D (RAMD32, RAMD32): 32 instances
  RAM64M => RAM64M (RAMD64E, RAMD64E, RAMD64E, RAMD64E): 336 instances
  RAM64X1D => RAM64X1D (RAMD64E, RAMD64E): 368 instances
  SRLC16E => SRL16E: 1 instances
  SRLC32E => SRL16E: 49 instances

open_run: Time (s): cpu = 00:00:57 ; elapsed = 00:00:26 . Memory (MB): peak = 4059.086 ; gain = 11.289 ; free physical = 5311 ; free virtual = 30554
epoch time 585955790 hex value 22ECF9CE
Input a four-character version number
Version is 010X
INIT String is 64'h3031305822ECF9CE
Running write_bitstream, will take a couple minutes
Command: write_cfgmem -force -format bin -size 32 -interface SPIx1 -loadbit {up 0x00000000 "quabo_fwid.bit" } -file quabo_010X_22ECF9CE.bin
Creating config memory files...
Creating bitstream load up from address 0x00000000
Loading bitfile quabo_fwid.bit
Writing file ./quabo_010X_22ECF9CE.bin
Writing log file ./quabo_010X_22ECF9CE.prm
===================================
Configuration Memory information
===================================
File Format        BIN
Interface          SPIX1
Size               32M
Start Address      0x00000000
End Address        0x01FFFFFF

Addr1         Addr2         Date                    File(s)
0x00000000    0x00661EDB    Apr  3 16:16:56 2020    quabo_fwid.bit
14 Infos, 0 Warnings, 0 Critical Warnings and 0 Errors encountered.
write_cfgmem completed successfully
source -notrace create_binfile.tcl
/media/wei/DATA/LW/Project/Vivado_Project/Panoseti/V0105/build/quabo_V0105
/media/wei/DATA/LW/Project/Vivado_Project/Panoseti/V0105/build/quabo_V0105/quabo_V0105.xpr
Scanning sources...
Finished scanning sources
INFO: [IP_Flow 19-234] Refreshing IP repositories
INFO: [IP_Flow 19-1700] Loaded user IP repository '/media/wei/DATA/LW/Project/Vivado_Project/Panoseti/V0105/build/ip_repo/test_1.0'.
INFO: [IP_Flow 19-1700] Loaded user IP repository '/media/wei/DATA/LW/Project/Vivado_Project/Panoseti/V0105/quabo_master/ip_repo'.
INFO: [IP_Flow 19-2313] Loaded Vivado IP repository '/home/wei/Software/Vivado/install/Vivado/2018.3/data/ip'.
open_project: Time (s): cpu = 00:00:05 ; elapsed = 00:00:10 . Memory (MB): peak = 4059.086 ; gain = 0.000 ; free physical = 5432 ; free virtual = 30729
INFO: [Netlist 29-17] Analyzing 4508 Unisim elements for replacement
INFO: [Netlist 29-28] Unisim Transformation completed in 0 CPU seconds
INFO: [Project 1-479] Netlist was created with Vivado 2018.3.1_AR71948
INFO: [Project 1-570] Preparing netlist for logic optimization
INFO: [Timing 38-478] Restoring timing data from binary archive.
INFO: [Timing 38-479] Binary timing data restore complete.
INFO: [Project 1-856] Restoring constraints from binary archive.
INFO: [Project 1-853] Binary constraint restore complete.
Reading XDEF placement.
Reading placer database...
Reading XDEF routing.
Read XDEF File: Time (s): cpu = 00:00:03 ; elapsed = 00:00:03 . Memory (MB): peak = 4059.086 ; gain = 0.000 ; free physical = 5183 ; free virtual = 30480
Restored from archive | CPU: 2.790000 secs | Memory: 74.113510 MB |
Finished XDEF File Restore: Time (s): cpu = 00:00:03 ; elapsed = 00:00:03 . Memory (MB): peak = 4059.086 ; gain = 0.000 ; free physical = 5183 ; free virtual = 30480
Generating merged BMM file for the design top 'base_mb_wrapper'...
INFO: [Memdata 28-144] Successfully populated the BRAM INIT strings from the following elf files: /media/wei/DATA/LW/Project/Vivado_Project/Panoseti/V0105/quabo_master/SDK/quabo_service/Debug/quabo_service.elf 
Netlist sorting complete. Time (s): cpu = 00:00:00.02 ; elapsed = 00:00:00.01 . Memory (MB): peak = 4097.184 ; gain = 0.000 ; free physical = 5189 ; free virtual = 30486
INFO: [Project 1-111] Unisim Transformation Summary:
  A total of 978 instances were transformed.
  CFGLUT5 => CFGLUT5 (SRLC32E, SRL16E): 116 instances
  IOBUF => IOBUF (IBUF, OBUFT): 7 instances
  LUT6_2 => LUT6_2 (LUT5, LUT6): 31 instances
  RAM32M => RAM32M (RAMD32, RAMD32, RAMD32, RAMD32, RAMD32, RAMD32, RAMS32, RAMS32): 38 instances
  RAM32X1D => RAM32X1D (RAMD32, RAMD32): 32 instances
  RAM64M => RAM64M (RAMD64E, RAMD64E, RAMD64E, RAMD64E): 336 instances
  RAM64X1D => RAM64X1D (RAMD64E, RAMD64E): 368 instances
  SRLC16E => SRL16E: 1 instances
  SRLC32E => SRL16E: 49 instances

open_run: Time (s): cpu = 00:00:57 ; elapsed = 00:00:26 . Memory (MB): peak = 4097.184 ; gain = 38.098 ; free physical = 5189 ; free virtual = 30486
epoch time 585956426 hex value 22ECFC4A
Input a four-character version number
Version is 010X
INIT String is 64'h3031305822ECFC4A
Running write_bitstream, will take a couple minutes
Command: write_cfgmem -force -format bin -size 32 -interface SPIx1 -loadbit {up 0x00000000 "quabo_fwid.bit" } -file quabo_010X_22ECFC4A.bin
Creating config memory files...
Creating bitstream load up from address 0x00000000
Loading bitfile quabo_fwid.bit
Writing file ./quabo_010X_22ECFC4A.bin
Writing log file ./quabo_010X_22ECFC4A.prm
===================================
Configuration Memory information
===================================
File Format        BIN
Interface          SPIX1
Size               32M
Start Address      0x00000000
End Address        0x01FFFFFF

Addr1         Addr2         Date                    File(s)
0x00000000    0x00661EDB    Apr  3 16:27:31 2020    quabo_fwid.bit
14 Infos, 0 Warnings, 0 Critical Warnings and 0 Errors encountered.
write_cfgmem completed successfully
source -notrace create_binfile.tcl
/media/wei/DATA/LW/Project/Vivado_Project/Panoseti/V0105/build/quabo_V0105
/media/wei/DATA/LW/Project/Vivado_Project/Panoseti/V0105/build/quabo_V0105/quabo_V0105.xpr
Scanning sources...
Finished scanning sources
INFO: [IP_Flow 19-234] Refreshing IP repositories
INFO: [IP_Flow 19-1700] Loaded user IP repository '/media/wei/DATA/LW/Project/Vivado_Project/Panoseti/V0105/build/ip_repo/test_1.0'.
INFO: [IP_Flow 19-1700] Loaded user IP repository '/media/wei/DATA/LW/Project/Vivado_Project/Panoseti/V0105/quabo_master/ip_repo'.
INFO: [IP_Flow 19-2313] Loaded Vivado IP repository '/home/wei/Software/Vivado/install/Vivado/2018.3/data/ip'.
open_project: Time (s): cpu = 00:00:05 ; elapsed = 00:00:10 . Memory (MB): peak = 4097.184 ; gain = 0.000 ; free physical = 5280 ; free virtual = 30617
INFO: [Netlist 29-17] Analyzing 4508 Unisim elements for replacement
INFO: [Netlist 29-28] Unisim Transformation completed in 0 CPU seconds
INFO: [Project 1-479] Netlist was created with Vivado 2018.3.1_AR71948
INFO: [Project 1-570] Preparing netlist for logic optimization
INFO: [Timing 38-478] Restoring timing data from binary archive.
INFO: [Timing 38-479] Binary timing data restore complete.
INFO: [Project 1-856] Restoring constraints from binary archive.
INFO: [Project 1-853] Binary constraint restore complete.
Reading XDEF placement.
Reading placer database...
Reading XDEF routing.
Read XDEF File: Time (s): cpu = 00:00:03 ; elapsed = 00:00:03 . Memory (MB): peak = 4097.184 ; gain = 0.000 ; free physical = 5044 ; free virtual = 30381
Restored from archive | CPU: 2.800000 secs | Memory: 74.113510 MB |
Finished XDEF File Restore: Time (s): cpu = 00:00:03 ; elapsed = 00:00:03 . Memory (MB): peak = 4097.184 ; gain = 0.000 ; free physical = 5044 ; free virtual = 30381
Generating merged BMM file for the design top 'base_mb_wrapper'...
INFO: [Memdata 28-144] Successfully populated the BRAM INIT strings from the following elf files: /media/wei/DATA/LW/Project/Vivado_Project/Panoseti/V0105/quabo_master/SDK/quabo_service/Debug/quabo_service.elf 
Netlist sorting complete. Time (s): cpu = 00:00:00.02 ; elapsed = 00:00:00.01 . Memory (MB): peak = 4118.273 ; gain = 0.000 ; free physical = 5051 ; free virtual = 30388
INFO: [Project 1-111] Unisim Transformation Summary:
  A total of 978 instances were transformed.
  CFGLUT5 => CFGLUT5 (SRLC32E, SRL16E): 116 instances
  IOBUF => IOBUF (IBUF, OBUFT): 7 instances
  LUT6_2 => LUT6_2 (LUT5, LUT6): 31 instances
  RAM32M => RAM32M (RAMD32, RAMD32, RAMD32, RAMD32, RAMD32, RAMD32, RAMS32, RAMS32): 38 instances
  RAM32X1D => RAM32X1D (RAMD32, RAMD32): 32 instances
  RAM64M => RAM64M (RAMD64E, RAMD64E, RAMD64E, RAMD64E): 336 instances
  RAM64X1D => RAM64X1D (RAMD64E, RAMD64E): 368 instances
  SRLC16E => SRL16E: 1 instances
  SRLC32E => SRL16E: 49 instances

open_run: Time (s): cpu = 00:00:58 ; elapsed = 00:00:26 . Memory (MB): peak = 4118.273 ; gain = 21.090 ; free physical = 5051 ; free virtual = 30388
epoch time 585957369 hex value 22ECFFF9
Input a four-character version number
Version is 010X
INIT String is 64'h3031305822ECFFF9
Running write_bitstream, will take a couple minutes
Command: write_cfgmem -force -format bin -size 32 -interface SPIx1 -loadbit {up 0x00000000 "quabo_fwid.bit" } -file quabo_010X_22ECFFF9.bin
Creating config memory files...
Creating bitstream load up from address 0x00000000
Loading bitfile quabo_fwid.bit
Writing file ./quabo_010X_22ECFFF9.bin
Writing log file ./quabo_010X_22ECFFF9.prm
===================================
Configuration Memory information
===================================
File Format        BIN
Interface          SPIX1
Size               32M
Start Address      0x00000000
End Address        0x01FFFFFF

Addr1         Addr2         Date                    File(s)
0x00000000    0x00661EDB    Apr  3 16:43:24 2020    quabo_fwid.bit
14 Infos, 0 Warnings, 0 Critical Warnings and 0 Errors encountered.
write_cfgmem completed successfully
source -notrace create_binfile.tcl
/media/wei/DATA/LW/Project/Vivado_Project/Panoseti/V0105/build/quabo_V0105
/media/wei/DATA/LW/Project/Vivado_Project/Panoseti/V0105/build/quabo_V0105/quabo_V0105.xpr
Scanning sources...
Finished scanning sources
INFO: [IP_Flow 19-234] Refreshing IP repositories
INFO: [IP_Flow 19-1700] Loaded user IP repository '/media/wei/DATA/LW/Project/Vivado_Project/Panoseti/V0105/build/ip_repo/test_1.0'.
INFO: [IP_Flow 19-1700] Loaded user IP repository '/media/wei/DATA/LW/Project/Vivado_Project/Panoseti/V0105/quabo_master/ip_repo'.
INFO: [IP_Flow 19-2313] Loaded Vivado IP repository '/home/wei/Software/Vivado/install/Vivado/2018.3/data/ip'.
open_project: Time (s): cpu = 00:00:05 ; elapsed = 00:00:10 . Memory (MB): peak = 4118.273 ; gain = 0.000 ; free physical = 5122 ; free virtual = 30507
INFO: [Netlist 29-17] Analyzing 4508 Unisim elements for replacement
INFO: [Netlist 29-28] Unisim Transformation completed in 0 CPU seconds
INFO: [Project 1-479] Netlist was created with Vivado 2018.3.1_AR71948
INFO: [Project 1-570] Preparing netlist for logic optimization
INFO: [Timing 38-478] Restoring timing data from binary archive.
INFO: [Timing 38-479] Binary timing data restore complete.
INFO: [Project 1-856] Restoring constraints from binary archive.
INFO: [Project 1-853] Binary constraint restore complete.
Reading XDEF placement.
Reading placer database...
Reading XDEF routing.
Read XDEF File: Time (s): cpu = 00:00:03 ; elapsed = 00:00:03 . Memory (MB): peak = 4118.273 ; gain = 0.000 ; free physical = 4900 ; free virtual = 30286
Restored from archive | CPU: 2.800000 secs | Memory: 74.113510 MB |
Finished XDEF File Restore: Time (s): cpu = 00:00:03 ; elapsed = 00:00:03 . Memory (MB): peak = 4118.273 ; gain = 0.000 ; free physical = 4900 ; free virtual = 30286
Generating merged BMM file for the design top 'base_mb_wrapper'...
INFO: [Memdata 28-144] Successfully populated the BRAM INIT strings from the following elf files: /media/wei/DATA/LW/Project/Vivado_Project/Panoseti/V0105/quabo_master/SDK/quabo_service/Debug/quabo_service.elf 
Netlist sorting complete. Time (s): cpu = 00:00:00.01 ; elapsed = 00:00:00.01 . Memory (MB): peak = 4148.367 ; gain = 0.000 ; free physical = 4905 ; free virtual = 30291
INFO: [Project 1-111] Unisim Transformation Summary:
  A total of 978 instances were transformed.
  CFGLUT5 => CFGLUT5 (SRLC32E, SRL16E): 116 instances
  IOBUF => IOBUF (IBUF, OBUFT): 7 instances
  LUT6_2 => LUT6_2 (LUT5, LUT6): 31 instances
  RAM32M => RAM32M (RAMD32, RAMD32, RAMD32, RAMD32, RAMD32, RAMD32, RAMS32, RAMS32): 38 instances
  RAM32X1D => RAM32X1D (RAMD32, RAMD32): 32 instances
  RAM64M => RAM64M (RAMD64E, RAMD64E, RAMD64E, RAMD64E): 336 instances
  RAM64X1D => RAM64X1D (RAMD64E, RAMD64E): 368 instances
  SRLC16E => SRL16E: 1 instances
  SRLC32E => SRL16E: 49 instances

open_run: Time (s): cpu = 00:00:57 ; elapsed = 00:00:25 . Memory (MB): peak = 4148.367 ; gain = 30.094 ; free physical = 4906 ; free virtual = 30291
epoch time 585958061 hex value 22ED02AD
Input a four-character version number
Version is 010X
INIT String is 64'h3031305822ED02AD
Running write_bitstream, will take a couple minutes
Command: write_cfgmem -force -format bin -size 32 -interface SPIx1 -loadbit {up 0x00000000 "quabo_fwid.bit" } -file quabo_010X_22ED02AD.bin
Creating config memory files...
Creating bitstream load up from address 0x00000000
Loading bitfile quabo_fwid.bit
Writing file ./quabo_010X_22ED02AD.bin
Writing log file ./quabo_010X_22ED02AD.prm
===================================
Configuration Memory information
===================================
File Format        BIN
Interface          SPIX1
Size               32M
Start Address      0x00000000
End Address        0x01FFFFFF

Addr1         Addr2         Date                    File(s)
0x00000000    0x00661EDB    Apr  3 16:54:48 2020    quabo_fwid.bit
14 Infos, 0 Warnings, 0 Critical Warnings and 0 Errors encountered.
write_cfgmem completed successfully
source -notrace create_binfile.tcl
/media/wei/DATA/LW/Project/Vivado_Project/Panoseti/V0105/build/quabo_V0105
/media/wei/DATA/LW/Project/Vivado_Project/Panoseti/V0105/build/quabo_V0105/quabo_V0105.xpr
Scanning sources...
Finished scanning sources
INFO: [IP_Flow 19-234] Refreshing IP repositories
INFO: [IP_Flow 19-1700] Loaded user IP repository '/media/wei/DATA/LW/Project/Vivado_Project/Panoseti/V0105/build/ip_repo/test_1.0'.
INFO: [IP_Flow 19-1700] Loaded user IP repository '/media/wei/DATA/LW/Project/Vivado_Project/Panoseti/V0105/quabo_master/ip_repo'.
INFO: [IP_Flow 19-2313] Loaded Vivado IP repository '/home/wei/Software/Vivado/install/Vivado/2018.3/data/ip'.
open_project: Time (s): cpu = 00:00:06 ; elapsed = 00:00:11 . Memory (MB): peak = 4148.367 ; gain = 0.000 ; free physical = 4446 ; free virtual = 30468
INFO: [Netlist 29-17] Analyzing 4508 Unisim elements for replacement
INFO: [Netlist 29-28] Unisim Transformation completed in 0 CPU seconds
INFO: [Project 1-479] Netlist was created with Vivado 2018.3.1_AR71948
INFO: [Project 1-570] Preparing netlist for logic optimization
INFO: [Timing 38-478] Restoring timing data from binary archive.
INFO: [Timing 38-479] Binary timing data restore complete.
INFO: [Project 1-856] Restoring constraints from binary archive.
INFO: [Project 1-853] Binary constraint restore complete.
Reading XDEF placement.
Reading placer database...
Reading XDEF routing.
Read XDEF File: Time (s): cpu = 00:00:03 ; elapsed = 00:00:03 . Memory (MB): peak = 4148.367 ; gain = 0.000 ; free physical = 4323 ; free virtual = 30346
Restored from archive | CPU: 2.900000 secs | Memory: 74.113510 MB |
Finished XDEF File Restore: Time (s): cpu = 00:00:03 ; elapsed = 00:00:03 . Memory (MB): peak = 4148.367 ; gain = 0.000 ; free physical = 4323 ; free virtual = 30346
Generating merged BMM file for the design top 'base_mb_wrapper'...
INFO: [Memdata 28-144] Successfully populated the BRAM INIT strings from the following elf files: /media/wei/DATA/LW/Project/Vivado_Project/Panoseti/V0105/quabo_master/SDK/quabo_service/Debug/quabo_service.elf 
Netlist sorting complete. Time (s): cpu = 00:00:00.02 ; elapsed = 00:00:00.02 . Memory (MB): peak = 4200.676 ; gain = 0.000 ; free physical = 4328 ; free virtual = 30346
INFO: [Project 1-111] Unisim Transformation Summary:
  A total of 978 instances were transformed.
  CFGLUT5 => CFGLUT5 (SRLC32E, SRL16E): 116 instances
  IOBUF => IOBUF (IBUF, OBUFT): 7 instances
  LUT6_2 => LUT6_2 (LUT5, LUT6): 31 instances
  RAM32M => RAM32M (RAMD32, RAMD32, RAMD32, RAMD32, RAMD32, RAMD32, RAMS32, RAMS32): 38 instances
  RAM32X1D => RAM32X1D (RAMD32, RAMD32): 32 instances
  RAM64M => RAM64M (RAMD64E, RAMD64E, RAMD64E, RAMD64E): 336 instances
  RAM64X1D => RAM64X1D (RAMD64E, RAMD64E): 368 instances
  SRLC16E => SRL16E: 1 instances
  SRLC32E => SRL16E: 49 instances

open_run: Time (s): cpu = 00:01:02 ; elapsed = 00:00:27 . Memory (MB): peak = 4200.676 ; gain = 52.309 ; free physical = 4328 ; free virtual = 30346
epoch time 585960642 hex value 22ED0CC2
Input a four-character version number
Version is 010X
INIT String is 64'h3031305822ED0CC2
Running write_bitstream, will take a couple minutes
Command: write_cfgmem -force -format bin -size 32 -interface SPIx1 -loadbit {up 0x00000000 "quabo_fwid.bit" } -file quabo_010X_22ED0CC2.bin
Creating config memory files...
Creating bitstream load up from address 0x00000000
Loading bitfile quabo_fwid.bit
Writing file ./quabo_010X_22ED0CC2.bin
Writing log file ./quabo_010X_22ED0CC2.prm
===================================
Configuration Memory information
===================================
File Format        BIN
Interface          SPIX1
Size               32M
Start Address      0x00000000
End Address        0x01FFFFFF

Addr1         Addr2         Date                    File(s)
0x00000000    0x00661EDB    Apr  3 17:38:05 2020    quabo_fwid.bit
14 Infos, 0 Warnings, 0 Critical Warnings and 0 Errors encountered.
write_cfgmem completed successfully
source -notrace create_binfile.tcl
/media/wei/DATA/LW/Project/Vivado_Project/Panoseti/V0105/build/quabo_V0105
/media/wei/DATA/LW/Project/Vivado_Project/Panoseti/V0105/build/quabo_V0105/quabo_V0105.xpr
Scanning sources...
Finished scanning sources
INFO: [IP_Flow 19-234] Refreshing IP repositories
INFO: [IP_Flow 19-1700] Loaded user IP repository '/media/wei/DATA/LW/Project/Vivado_Project/Panoseti/V0105/build/ip_repo/test_1.0'.
INFO: [IP_Flow 19-1700] Loaded user IP repository '/media/wei/DATA/LW/Project/Vivado_Project/Panoseti/V0105/quabo_master/ip_repo'.
INFO: [IP_Flow 19-2313] Loaded Vivado IP repository '/home/wei/Software/Vivado/install/Vivado/2018.3/data/ip'.
open_project: Time (s): cpu = 00:00:05 ; elapsed = 00:00:10 . Memory (MB): peak = 4200.676 ; gain = 0.000 ; free physical = 4618 ; free virtual = 30790
INFO: [Netlist 29-17] Analyzing 4508 Unisim elements for replacement
INFO: [Netlist 29-28] Unisim Transformation completed in 0 CPU seconds
INFO: [Project 1-479] Netlist was created with Vivado 2018.3.1_AR71948
INFO: [Project 1-570] Preparing netlist for logic optimization
INFO: [Timing 38-478] Restoring timing data from binary archive.
INFO: [Timing 38-479] Binary timing data restore complete.
INFO: [Project 1-856] Restoring constraints from binary archive.
INFO: [Project 1-853] Binary constraint restore complete.
Reading XDEF placement.
Reading placer database...
Reading XDEF routing.
Read XDEF File: Time (s): cpu = 00:00:03 ; elapsed = 00:00:03 . Memory (MB): peak = 4200.676 ; gain = 0.000 ; free physical = 4411 ; free virtual = 30583
Restored from archive | CPU: 2.840000 secs | Memory: 74.113510 MB |
Finished XDEF File Restore: Time (s): cpu = 00:00:03 ; elapsed = 00:00:03 . Memory (MB): peak = 4200.676 ; gain = 0.000 ; free physical = 4411 ; free virtual = 30583
Generating merged BMM file for the design top 'base_mb_wrapper'...
INFO: [Memdata 28-144] Successfully populated the BRAM INIT strings from the following elf files: /media/wei/DATA/LW/Project/Vivado_Project/Panoseti/V0105/quabo_master/SDK/quabo_service/Debug/quabo_service.elf 
Netlist sorting complete. Time (s): cpu = 00:00:00.02 ; elapsed = 00:00:00.01 . Memory (MB): peak = 4220.969 ; gain = 0.000 ; free physical = 4414 ; free virtual = 30587
INFO: [Project 1-111] Unisim Transformation Summary:
  A total of 978 instances were transformed.
  CFGLUT5 => CFGLUT5 (SRLC32E, SRL16E): 116 instances
  IOBUF => IOBUF (IBUF, OBUFT): 7 instances
  LUT6_2 => LUT6_2 (LUT5, LUT6): 31 instances
  RAM32M => RAM32M (RAMD32, RAMD32, RAMD32, RAMD32, RAMD32, RAMD32, RAMS32, RAMS32): 38 instances
  RAM32X1D => RAM32X1D (RAMD32, RAMD32): 32 instances
  RAM64M => RAM64M (RAMD64E, RAMD64E, RAMD64E, RAMD64E): 336 instances
  RAM64X1D => RAM64X1D (RAMD64E, RAMD64E): 368 instances
  SRLC16E => SRL16E: 1 instances
  SRLC32E => SRL16E: 49 instances

open_run: Time (s): cpu = 00:00:58 ; elapsed = 00:00:26 . Memory (MB): peak = 4220.969 ; gain = 20.293 ; free physical = 4414 ; free virtual = 30587
epoch time 585962612 hex value 22ED1474
Input a four-character version number
Version is 010X
INIT String is 64'h3031305822ED1474
Running write_bitstream, will take a couple minutes
Command: write_cfgmem -force -format bin -size 32 -interface SPIx1 -loadbit {up 0x00000000 "quabo_fwid.bit" } -file quabo_010X_22ED1474.bin
Creating config memory files...
Creating bitstream load up from address 0x00000000
Loading bitfile quabo_fwid.bit
Writing file ./quabo_010X_22ED1474.bin
Writing log file ./quabo_010X_22ED1474.prm
===================================
Configuration Memory information
===================================
File Format        BIN
Interface          SPIX1
Size               32M
Start Address      0x00000000
End Address        0x01FFFFFF

Addr1         Addr2         Date                    File(s)
0x00000000    0x00661EDB    Apr  3 18:11:12 2020    quabo_fwid.bit
14 Infos, 0 Warnings, 0 Critical Warnings and 0 Errors encountered.
write_cfgmem completed successfully
source -notrace create_binfile.tcl
/media/wei/DATA/LW/Project/Vivado_Project/Panoseti/V0105/build/quabo_V0105
/media/wei/DATA/LW/Project/Vivado_Project/Panoseti/V0105/build/quabo_V0105/quabo_V0105.xpr
Scanning sources...
Finished scanning sources
INFO: [IP_Flow 19-234] Refreshing IP repositories
INFO: [IP_Flow 19-1700] Loaded user IP repository '/media/wei/DATA/LW/Project/Vivado_Project/Panoseti/V0105/build/ip_repo/test_1.0'.
INFO: [IP_Flow 19-1700] Loaded user IP repository '/media/wei/DATA/LW/Project/Vivado_Project/Panoseti/V0105/quabo_master/ip_repo'.
INFO: [IP_Flow 19-2313] Loaded Vivado IP repository '/home/wei/Software/Vivado/install/Vivado/2018.3/data/ip'.
open_project: Time (s): cpu = 00:00:05 ; elapsed = 00:00:10 . Memory (MB): peak = 4220.969 ; gain = 0.000 ; free physical = 4471 ; free virtual = 32190
INFO: [Netlist 29-17] Analyzing 4508 Unisim elements for replacement
INFO: [Netlist 29-28] Unisim Transformation completed in 0 CPU seconds
INFO: [Project 1-479] Netlist was created with Vivado 2018.3.1_AR71948
INFO: [Project 1-570] Preparing netlist for logic optimization
INFO: [Timing 38-478] Restoring timing data from binary archive.
INFO: [Timing 38-479] Binary timing data restore complete.
INFO: [Project 1-856] Restoring constraints from binary archive.
INFO: [Project 1-853] Binary constraint restore complete.
Reading XDEF placement.
Reading placer database...
Reading XDEF routing.
Read XDEF File: Time (s): cpu = 00:00:03 ; elapsed = 00:00:03 . Memory (MB): peak = 4220.969 ; gain = 0.000 ; free physical = 4219 ; free virtual = 31985
Restored from archive | CPU: 2.910000 secs | Memory: 74.113510 MB |
Finished XDEF File Restore: Time (s): cpu = 00:00:03 ; elapsed = 00:00:03 . Memory (MB): peak = 4220.969 ; gain = 0.000 ; free physical = 4219 ; free virtual = 31985
Generating merged BMM file for the design top 'base_mb_wrapper'...
INFO: [Memdata 28-144] Successfully populated the BRAM INIT strings from the following elf files: /media/wei/DATA/LW/Project/Vivado_Project/Panoseti/V0105/quabo_master/SDK/quabo_service/Debug/quabo_service.elf 
Netlist sorting complete. Time (s): cpu = 00:00:00.02 ; elapsed = 00:00:00.02 . Memory (MB): peak = 4226.051 ; gain = 0.000 ; free physical = 4226 ; free virtual = 31992
INFO: [Project 1-111] Unisim Transformation Summary:
  A total of 978 instances were transformed.
  CFGLUT5 => CFGLUT5 (SRLC32E, SRL16E): 116 instances
  IOBUF => IOBUF (IBUF, OBUFT): 7 instances
  LUT6_2 => LUT6_2 (LUT5, LUT6): 31 instances
  RAM32M => RAM32M (RAMD32, RAMD32, RAMD32, RAMD32, RAMD32, RAMD32, RAMS32, RAMS32): 38 instances
  RAM32X1D => RAM32X1D (RAMD32, RAMD32): 32 instances
  RAM64M => RAM64M (RAMD64E, RAMD64E, RAMD64E, RAMD64E): 336 instances
  RAM64X1D => RAM64X1D (RAMD64E, RAMD64E): 368 instances
  SRLC16E => SRL16E: 1 instances
  SRLC32E => SRL16E: 49 instances

open_run: Time (s): cpu = 00:00:57 ; elapsed = 00:00:28 . Memory (MB): peak = 4226.051 ; gain = 5.082 ; free physical = 4226 ; free virtual = 31992
epoch time 585966272 hex value 22ED22C0
Input a four-character version number
Version is 010X
INIT String is 64'h3031305822ED22C0
Running write_bitstream, will take a couple minutes
Command: write_cfgmem -force -format bin -size 32 -interface SPIx1 -loadbit {up 0x00000000 "quabo_fwid.bit" } -file quabo_010X_22ED22C0.bin
Creating config memory files...
Creating bitstream load up from address 0x00000000
Loading bitfile quabo_fwid.bit
Writing file ./quabo_010X_22ED22C0.bin
Writing log file ./quabo_010X_22ED22C0.prm
===================================
Configuration Memory information
===================================
File Format        BIN
Interface          SPIX1
Size               32M
Start Address      0x00000000
End Address        0x01FFFFFF

Addr1         Addr2         Date                    File(s)
0x00000000    0x00661EDB    Apr  3 19:12:03 2020    quabo_fwid.bit
14 Infos, 0 Warnings, 0 Critical Warnings and 0 Errors encountered.
write_cfgmem completed successfully
eixt
invalid command name "eixt"
exit
INFO: [Common 17-206] Exiting Vivado at Fri Apr  3 19:56:00 2020...
