#-----------------------------------------------------------
# Vivado v2018.3.1_AR71948 (64-bit)
# SW Build 2489853 on Tue Mar 26 04:18:30 MDT 2019
# IP Build 2486929 on Tue Mar 26 06:44:21 MDT 2019
# Start of session at: Fri Mar 13 16:35:55 2020
# Process ID: 2655
# Current directory: /media/wei/DATA/LW/Project/Vivado_Project/Panoseti/V0104/quabo_master/scripts
# Command line: vivado -mode tcl
# Log file: /media/wei/DATA/LW/Project/Vivado_Project/Panoseti/V0104/quabo_master/scripts/vivado.log
# Journal file: /media/wei/DATA/LW/Project/Vivado_Project/Panoseti/V0104/quabo_master/scripts/vivado.jou
#-----------------------------------------------------------
source -notrace create_binfile.tcl
/media/wei/DATA/LW/Project/Vivado_Project/Panoseti/V0104/build/quabo_V0104
/media/wei/DATA/LW/Project/Vivado_Project/Panoseti/V0104/build/quabo_V0104/quabo_V0104.xpr
Scanning sources...
Finished scanning sources
INFO: [IP_Flow 19-234] Refreshing IP repositories
INFO: [IP_Flow 19-1700] Loaded user IP repository '/media/wei/DATA/LW/Project/Vivado_Project/Panoseti/V0104/quabo_master/ip_repo'.
INFO: [IP_Flow 19-2313] Loaded Vivado IP repository '/home/wei/Software/Vivado/install/Vivado/2018.3/data/ip'.
open_project: Time (s): cpu = 00:00:12 ; elapsed = 00:00:50 . Memory (MB): peak = 1435.336 ; gain = 104.930 ; free physical = 19765 ; free virtual = 37421
INFO: [Netlist 29-17] Analyzing 4701 Unisim elements for replacement
INFO: [Netlist 29-28] Unisim Transformation completed in 0 CPU seconds
INFO: [Project 1-479] Netlist was created with Vivado 2018.3.1_AR71948
INFO: [Device 21-403] Loading part xc7k160tffg676-1
INFO: [Project 1-570] Preparing netlist for logic optimization
INFO: [Timing 38-478] Restoring timing data from binary archive.
INFO: [Timing 38-479] Binary timing data restore complete.
INFO: [Project 1-856] Restoring constraints from binary archive.
INFO: [Project 1-853] Binary constraint restore complete.
Reading XDEF placement.
Reading placer database...
Reading XDEF routing.
Read XDEF File: Time (s): cpu = 00:00:03 ; elapsed = 00:00:03 . Memory (MB): peak = 2640.766 ; gain = 70.961 ; free physical = 18531 ; free virtual = 36306
Restored from archive | CPU: 2.910000 secs | Memory: 75.932350 MB |
Finished XDEF File Restore: Time (s): cpu = 00:00:03 ; elapsed = 00:00:03 . Memory (MB): peak = 2640.766 ; gain = 70.961 ; free physical = 18531 ; free virtual = 36306
Generating merged BMM file for the design top 'base_mb_wrapper'...
INFO: [Memdata 28-144] Successfully populated the BRAM INIT strings from the following elf files: /media/wei/DATA/LW/Project/Vivado_Project/Panoseti/V0104/quabo_master/SDK/quabo_service/Debug/quabo_service.elf 
Netlist sorting complete. Time (s): cpu = 00:00:00.01 ; elapsed = 00:00:00.01 . Memory (MB): peak = 3377.125 ; gain = 0.000 ; free physical = 18527 ; free virtual = 36315
INFO: [Project 1-111] Unisim Transformation Summary:
  A total of 1050 instances were transformed.
  CFGLUT5 => CFGLUT5 (SRLC32E, SRL16E): 220 instances
  IOBUF => IOBUF (IBUF, OBUFT): 7 instances
  LUT6_2 => LUT6_2 (LUT5, LUT6): 31 instances
  RAM32M => RAM32M (RAMD32, RAMD32, RAMD32, RAMD32, RAMD32, RAMD32, RAMS32, RAMS32): 38 instances
  RAM64M => RAM64M (RAMD64E, RAMD64E, RAMD64E, RAMD64E): 336 instances
  RAM64X1D => RAM64X1D (RAMD64E, RAMD64E): 368 instances
  SRLC16E => SRL16E: 1 instances
  SRLC32E => SRL16E: 49 instances

open_run: Time (s): cpu = 00:01:05 ; elapsed = 00:00:47 . Memory (MB): peak = 3377.125 ; gain = 1941.789 ; free physical = 18527 ; free virtual = 36315
epoch time 584142734 hex value 22D14F8E
Input a four-character version number
Version is 0104
INIT String is 64'h3031303422D14F8E
Running write_bitstream, will take a couple minutes
Command: write_cfgmem -force -format bin -size 32 -interface SPIx1 -loadbit {up 0x00000000 "quabo_fwid.bit" } -file quabo_0104_22D14F8E.bin
Creating config memory files...
Creating bitstream load up from address 0x00000000
Loading bitfile quabo_fwid.bit
Writing file ./quabo_0104_22D14F8E.bin
Writing log file ./quabo_0104_22D14F8E.prm
===================================
Configuration Memory information
===================================
File Format        BIN
Interface          SPIX1
Size               32M
Start Address      0x00000000
End Address        0x01FFFFFF

Addr1         Addr2         Date                    File(s)
0x00000000    0x00661EDB    Mar 13 16:41:53 2020    quabo_fwid.bit
14 Infos, 0 Warnings, 0 Critical Warnings and 0 Errors encountered.
write_cfgmem completed successfully
source -notrace create_binfile.tcl
/media/wei/DATA/LW/Project/Vivado_Project/Panoseti/V0104/build/quabo_V0104
/media/wei/DATA/LW/Project/Vivado_Project/Panoseti/V0104/build/quabo_V0104/quabo_V0104.xpr
Scanning sources...
Finished scanning sources
INFO: [IP_Flow 19-234] Refreshing IP repositories
INFO: [IP_Flow 19-1700] Loaded user IP repository '/media/wei/DATA/LW/Project/Vivado_Project/Panoseti/V0104/quabo_master/ip_repo'.
INFO: [IP_Flow 19-2313] Loaded Vivado IP repository '/home/wei/Software/Vivado/install/Vivado/2018.3/data/ip'.
open_project: Time (s): cpu = 00:00:05 ; elapsed = 00:00:09 . Memory (MB): peak = 3377.125 ; gain = 0.000 ; free physical = 17238 ; free virtual = 35434
INFO: [Netlist 29-17] Analyzing 4701 Unisim elements for replacement
INFO: [Netlist 29-28] Unisim Transformation completed in 0 CPU seconds
INFO: [Project 1-479] Netlist was created with Vivado 2018.3.1_AR71948
INFO: [Project 1-570] Preparing netlist for logic optimization
INFO: [Timing 38-478] Restoring timing data from binary archive.
INFO: [Timing 38-479] Binary timing data restore complete.
INFO: [Project 1-856] Restoring constraints from binary archive.
INFO: [Project 1-853] Binary constraint restore complete.
Reading XDEF placement.
Reading placer database...
Reading XDEF routing.
Read XDEF File: Time (s): cpu = 00:00:03 ; elapsed = 00:00:03 . Memory (MB): peak = 3377.125 ; gain = 0.000 ; free physical = 16848 ; free virtual = 35045
Restored from archive | CPU: 2.820000 secs | Memory: 74.952667 MB |
Finished XDEF File Restore: Time (s): cpu = 00:00:03 ; elapsed = 00:00:03 . Memory (MB): peak = 3377.125 ; gain = 0.000 ; free physical = 16848 ; free virtual = 35045
Generating merged BMM file for the design top 'base_mb_wrapper'...
INFO: [Memdata 28-144] Successfully populated the BRAM INIT strings from the following elf files: /media/wei/DATA/LW/Project/Vivado_Project/Panoseti/V0104/quabo_master/SDK/quabo_service/Debug/quabo_service.elf 
Netlist sorting complete. Time (s): cpu = 00:00:00.02 ; elapsed = 00:00:00.01 . Memory (MB): peak = 3978.953 ; gain = 0.000 ; free physical = 16855 ; free virtual = 35052
INFO: [Project 1-111] Unisim Transformation Summary:
  A total of 1050 instances were transformed.
  CFGLUT5 => CFGLUT5 (SRLC32E, SRL16E): 220 instances
  IOBUF => IOBUF (IBUF, OBUFT): 7 instances
  LUT6_2 => LUT6_2 (LUT5, LUT6): 31 instances
  RAM32M => RAM32M (RAMD32, RAMD32, RAMD32, RAMD32, RAMD32, RAMD32, RAMS32, RAMS32): 38 instances
  RAM64M => RAM64M (RAMD64E, RAMD64E, RAMD64E, RAMD64E): 336 instances
  RAM64X1D => RAM64X1D (RAMD64E, RAMD64E): 368 instances
  SRLC16E => SRL16E: 1 instances
  SRLC32E => SRL16E: 49 instances

open_run: Time (s): cpu = 00:00:56 ; elapsed = 00:00:25 . Memory (MB): peak = 3978.953 ; gain = 601.828 ; free physical = 16855 ; free virtual = 35052
epoch time 584143654 hex value 22D15326
Input a four-character version number
Version is GOLD
INIT String is 64'h474F4C4422D15326
Running write_bitstream, will take a couple minutes
Command: write_cfgmem -force -format bin -size 32 -interface SPIx1 -loadbit {up 0x00000000 "quabo_fwid.bit" } -file quabo_GOLD_22D15326.bin
Creating config memory files...
Creating bitstream load up from address 0x00000000
Loading bitfile quabo_fwid.bit
Writing file ./quabo_GOLD_22D15326.bin
Writing log file ./quabo_GOLD_22D15326.prm
===================================
Configuration Memory information
===================================
File Format        BIN
Interface          SPIX1
Size               32M
Start Address      0x00000000
End Address        0x01FFFFFF

Addr1         Addr2         Date                    File(s)
0x00000000    0x00661EDB    Mar 13 16:54:58 2020    quabo_fwid.bit
13 Infos, 0 Warnings, 0 Critical Warnings and 0 Errors encountered.
write_cfgmem completed successfully
