#-----------------------------------------------------------
# Vivado v2018.3.1_AR71948 (64-bit)
# SW Build 2489853 on Tue Mar 26 04:18:30 MDT 2019
# IP Build 2486929 on Tue Mar 26 06:44:21 MDT 2019
# Start of session at: Sun Apr 12 16:29:42 2020
# Process ID: 24687
# Current directory: /media/wei/DATA/LW/Project/Vivado_Project/Panoseti/V0105/quabo_master/scripts
# Command line: vivado -mode tcl
# Log file: /media/wei/DATA/LW/Project/Vivado_Project/Panoseti/V0105/quabo_master/scripts/vivado.log
# Journal file: /media/wei/DATA/LW/Project/Vivado_Project/Panoseti/V0105/quabo_master/scripts/vivado.jou
#-----------------------------------------------------------
source -notrace create_binfile.tcl
/media/wei/DATA/LW/Project/Vivado_Project/Panoseti/V0105/build/quabo_V0105
/media/wei/DATA/LW/Project/Vivado_Project/Panoseti/V0105/build/quabo_V0105/quabo_V0105.xpr
Scanning sources...
Finished scanning sources
INFO: [IP_Flow 19-234] Refreshing IP repositories
INFO: [IP_Flow 19-1700] Loaded user IP repository '/media/wei/DATA/LW/Project/Vivado_Project/Panoseti/V0105/build/ip_repo/test_1.0'.
INFO: [IP_Flow 19-1700] Loaded user IP repository '/media/wei/DATA/LW/Project/Vivado_Project/Panoseti/V0105/quabo_master/ip_repo'.
INFO: [IP_Flow 19-2313] Loaded Vivado IP repository '/home/wei/Software/Vivado/install/Vivado/2018.3/data/ip'.
open_project: Time (s): cpu = 00:00:06 ; elapsed = 00:00:11 . Memory (MB): peak = 1441.766 ; gain = 52.828 ; free physical = 18251 ; free virtual = 36903
INFO: [Netlist 29-17] Analyzing 4355 Unisim elements for replacement
INFO: [Netlist 29-28] Unisim Transformation completed in 0 CPU seconds
INFO: [Project 1-479] Netlist was created with Vivado 2018.3.1_AR71948
INFO: [Device 21-403] Loading part xc7k160tffg676-1
INFO: [Project 1-570] Preparing netlist for logic optimization
INFO: [Timing 38-478] Restoring timing data from binary archive.
INFO: [Timing 38-479] Binary timing data restore complete.
INFO: [Project 1-856] Restoring constraints from binary archive.
INFO: [Project 1-853] Binary constraint restore complete.
Reading XDEF placement.
Reading placer database...
Reading XDEF routing.
Read XDEF File: Time (s): cpu = 00:00:03 ; elapsed = 00:00:03 . Memory (MB): peak = 2597.383 ; gain = 63.961 ; free physical = 17071 ; free virtual = 35835
Restored from archive | CPU: 2.630000 secs | Memory: 69.287865 MB |
Finished XDEF File Restore: Time (s): cpu = 00:00:03 ; elapsed = 00:00:03 . Memory (MB): peak = 2597.383 ; gain = 63.961 ; free physical = 17071 ; free virtual = 35835
Generating merged BMM file for the design top 'base_mb_wrapper'...
INFO: [Memdata 28-144] Successfully populated the BRAM INIT strings from the following elf files: /media/wei/DATA/LW/Project/Vivado_Project/Panoseti/V0105/quabo_master/SDK/quabo_service/Debug/quabo_service.elf 
Netlist sorting complete. Time (s): cpu = 00:00:00.02 ; elapsed = 00:00:00 . Memory (MB): peak = 3333.742 ; gain = 0.000 ; free physical = 17073 ; free virtual = 35843
INFO: [Project 1-111] Unisim Transformation Summary:
  A total of 856 instances were transformed.
  IOBUF => IOBUF (IBUF, OBUFT): 7 instances
  LUT6_2 => LUT6_2 (LUT5, LUT6): 31 instances
  RAM32M => RAM32M (RAMD32, RAMD32, RAMD32, RAMD32, RAMD32, RAMD32, RAMS32, RAMS32): 32 instances
  RAM32X1D => RAM32X1D (RAMD32, RAMD32): 32 instances
  RAM64M => RAM64M (RAMD64E, RAMD64E, RAMD64E, RAMD64E): 336 instances
  RAM64X1D => RAM64X1D (RAMD64E, RAMD64E): 368 instances
  SRLC16E => SRL16E: 1 instances
  SRLC32E => SRL16E: 49 instances

open_run: Time (s): cpu = 00:01:05 ; elapsed = 00:00:39 . Memory (MB): peak = 3333.742 ; gain = 1891.977 ; free physical = 17073 ; free virtual = 35843
epoch time 586734261 hex value 22F8DAB5
Input a four-character version number
Version is 010X
INIT String is 64'h3031305822F8DAB5
Running write_bitstream, will take a couple minutes
Command: write_cfgmem -force -format bin -size 32 -interface SPIx1 -loadbit {up 0x00000000 "quabo_fwid.bit" } -file quabo_010X_22F8DAB5.bin
Creating config memory files...
Creating bitstream load up from address 0x00000000
Loading bitfile quabo_fwid.bit
Writing file ./quabo_010X_22F8DAB5.bin
Writing log file ./quabo_010X_22F8DAB5.prm
===================================
Configuration Memory information
===================================
File Format        BIN
Interface          SPIX1
Size               32M
Start Address      0x00000000
End Address        0x01FFFFFF

Addr1         Addr2         Date                    File(s)
0x00000000    0x00661EDB    Apr 12 16:31:41 2020    quabo_fwid.bit
15 Infos, 0 Warnings, 0 Critical Warnings and 0 Errors encountered.
write_cfgmem completed successfully
exit
INFO: [Common 17-206] Exiting Vivado at Sun Apr 12 16:49:53 2020...
