#-----------------------------------------------------------
# Vivado v2018.3.1_AR71948 (64-bit)
# SW Build 2489853 on Tue Mar 26 04:18:30 MDT 2019
# IP Build 2486929 on Tue Mar 26 06:44:21 MDT 2019
# Start of session at: Tue Apr 28 18:24:19 2020
# Process ID: 23615
# Current directory: /media/wei/DATA/LW/Project/Vivado_Project/Panoseti/V0105_NEW/quabo_master/scripts
# Command line: vivado -mode tcl
# Log file: /media/wei/DATA/LW/Project/Vivado_Project/Panoseti/V0105_NEW/quabo_master/scripts/vivado.log
# Journal file: /media/wei/DATA/LW/Project/Vivado_Project/Panoseti/V0105_NEW/quabo_master/scripts/vivado.jou
#-----------------------------------------------------------
source -notrace create_binfile.tcl
/media/wei/DATA/LW/Project/Vivado_Project/Panoseti/V0105_NEW/build/quabo_V0105
/media/wei/DATA/LW/Project/Vivado_Project/Panoseti/V0105_NEW/build/quabo_V0105/quabo_V0105.xpr
Scanning sources...
Finished scanning sources
INFO: [IP_Flow 19-234] Refreshing IP repositories
INFO: [IP_Flow 19-1700] Loaded user IP repository '/media/wei/DATA/LW/Project/Vivado_Project/Panoseti/V0105_NEW/quabo_master/ip_repo'.
INFO: [IP_Flow 19-2313] Loaded Vivado IP repository '/home/wei/Software/Vivado/install/Vivado/2018.3/data/ip'.
open_project: Time (s): cpu = 00:00:06 ; elapsed = 00:00:11 . Memory (MB): peak = 1441.043 ; gain = 52.102 ; free physical = 7808 ; free virtual = 34760
INFO: [Netlist 29-17] Analyzing 4561 Unisim elements for replacement
INFO: [Netlist 29-28] Unisim Transformation completed in 0 CPU seconds
INFO: [Project 1-479] Netlist was created with Vivado 2018.3.1_AR71948
INFO: [Device 21-403] Loading part xc7k160tfbg676-1
INFO: [Project 1-570] Preparing netlist for logic optimization
INFO: [Timing 38-478] Restoring timing data from binary archive.
INFO: [Timing 38-479] Binary timing data restore complete.
INFO: [Project 1-856] Restoring constraints from binary archive.
INFO: [Project 1-853] Binary constraint restore complete.
Reading XDEF placement.
Reading placer database...
Reading XDEF routing.
Read XDEF File: Time (s): cpu = 00:00:03 ; elapsed = 00:00:03 . Memory (MB): peak = 2630.527 ; gain = 69.961 ; free physical = 6696 ; free virtual = 33653
Restored from archive | CPU: 2.870000 secs | Memory: 75.202332 MB |
Finished XDEF File Restore: Time (s): cpu = 00:00:03 ; elapsed = 00:00:03 . Memory (MB): peak = 2630.527 ; gain = 69.961 ; free physical = 6696 ; free virtual = 33653
Generating merged BMM file for the design top 'base_mb_wrapper'...
INFO: [Memdata 28-144] Successfully populated the BRAM INIT strings from the following elf files: /media/wei/DATA/LW/Project/Vivado_Project/Panoseti/V0105_NEW/quabo_master/SDK/quabo_service/Debug/quabo_service.elf 
Netlist sorting complete. Time (s): cpu = 00:00:00.01 ; elapsed = 00:00:00.01 . Memory (MB): peak = 3374.891 ; gain = 0.000 ; free physical = 6706 ; free virtual = 33663
INFO: [Project 1-111] Unisim Transformation Summary:
  A total of 926 instances were transformed.
  CFGLUT5 => CFGLUT5 (SRLC32E, SRL16E): 64 instances
  IOBUF => IOBUF (IBUF, OBUFT): 7 instances
  LUT6_2 => LUT6_2 (LUT5, LUT6): 31 instances
  RAM32M => RAM32M (RAMD32, RAMD32, RAMD32, RAMD32, RAMD32, RAMD32, RAMS32, RAMS32): 38 instances
  RAM32X1D => RAM32X1D (RAMD32, RAMD32): 32 instances
  RAM64M => RAM64M (RAMD64E, RAMD64E, RAMD64E, RAMD64E): 336 instances
  RAM64X1D => RAM64X1D (RAMD64E, RAMD64E): 368 instances
  SRLC16E => SRL16E: 1 instances
  SRLC32E => SRL16E: 49 instances

open_run: Time (s): cpu = 00:01:05 ; elapsed = 00:00:34 . Memory (MB): peak = 3374.891 ; gain = 1933.848 ; free physical = 6706 ; free virtual = 33663
epoch time 588123547 hex value 230E0D9B
Input a four-character version number
Version is 010X
INIT String is 64'h30313058230E0D9B
Running write_bitstream, will take a couple minutes
Command: write_cfgmem -force -format bin -size 32 -interface SPIx1 -loadbit {up 0x00000000 "quabo_fwid.bit" } -file quabo_010X_230E0D9B.bin
Creating config memory files...
Creating bitstream load up from address 0x00000000
Loading bitfile quabo_fwid.bit
Writing file ./quabo_010X_230E0D9B.bin
Writing log file ./quabo_010X_230E0D9B.prm
===================================
Configuration Memory information
===================================
File Format        BIN
Interface          SPIX1
Size               32M
Start Address      0x00000000
End Address        0x01FFFFFF

Addr1         Addr2         Date                    File(s)
0x00000000    0x00661EDB    Apr 28 18:26:21 2020    quabo_fwid.bit
14 Infos, 0 Warnings, 0 Critical Warnings and 0 Errors encountered.
write_cfgmem completed successfully
source -notrace create_binfile.tcl
/media/wei/DATA/LW/Project/Vivado_Project/Panoseti/V0105_NEW/build/quabo_V0105
/media/wei/DATA/LW/Project/Vivado_Project/Panoseti/V0105_NEW/build/quabo_V0105/quabo_V0105.xpr
Scanning sources...
Finished scanning sources
INFO: [IP_Flow 19-234] Refreshing IP repositories
INFO: [IP_Flow 19-1700] Loaded user IP repository '/media/wei/DATA/LW/Project/Vivado_Project/Panoseti/V0105_NEW/quabo_master/ip_repo'.
INFO: [IP_Flow 19-2313] Loaded Vivado IP repository '/home/wei/Software/Vivado/install/Vivado/2018.3/data/ip'.
open_project: Time (s): cpu = 00:00:05 ; elapsed = 00:00:09 . Memory (MB): peak = 3374.891 ; gain = 0.000 ; free physical = 4331 ; free virtual = 33479
INFO: [Netlist 29-17] Analyzing 4558 Unisim elements for replacement
INFO: [Netlist 29-28] Unisim Transformation completed in 0 CPU seconds
INFO: [Project 1-479] Netlist was created with Vivado 2018.3.1_AR71948
INFO: [Project 1-570] Preparing netlist for logic optimization
INFO: [Timing 38-478] Restoring timing data from binary archive.
INFO: [Timing 38-479] Binary timing data restore complete.
INFO: [Project 1-856] Restoring constraints from binary archive.
INFO: [Project 1-853] Binary constraint restore complete.
Reading XDEF placement.
Reading placer database...
Reading XDEF routing.
Read XDEF File: Time (s): cpu = 00:00:03 ; elapsed = 00:00:03 . Memory (MB): peak = 3374.891 ; gain = 0.000 ; free physical = 3937 ; free virtual = 33085
Restored from archive | CPU: 2.820000 secs | Memory: 74.393837 MB |
Finished XDEF File Restore: Time (s): cpu = 00:00:03 ; elapsed = 00:00:03 . Memory (MB): peak = 3374.891 ; gain = 0.000 ; free physical = 3937 ; free virtual = 33085
Generating merged BMM file for the design top 'base_mb_wrapper'...
INFO: [Memdata 28-144] Successfully populated the BRAM INIT strings from the following elf files: /media/wei/DATA/LW/Project/Vivado_Project/Panoseti/V0105_NEW/quabo_master/SDK/quabo_service/Debug/quabo_service.elf 
Netlist sorting complete. Time (s): cpu = 00:00:00.01 ; elapsed = 00:00:00.02 . Memory (MB): peak = 3962.516 ; gain = 0.000 ; free physical = 3914 ; free virtual = 33063
INFO: [Project 1-111] Unisim Transformation Summary:
  A total of 926 instances were transformed.
  CFGLUT5 => CFGLUT5 (SRLC32E, SRL16E): 64 instances
  IOBUF => IOBUF (IBUF, OBUFT): 7 instances
  LUT6_2 => LUT6_2 (LUT5, LUT6): 31 instances
  RAM32M => RAM32M (RAMD32, RAMD32, RAMD32, RAMD32, RAMD32, RAMD32, RAMS32, RAMS32): 38 instances
  RAM32X1D => RAM32X1D (RAMD32, RAMD32): 32 instances
  RAM64M => RAM64M (RAMD64E, RAMD64E, RAMD64E, RAMD64E): 336 instances
  RAM64X1D => RAM64X1D (RAMD64E, RAMD64E): 368 instances
  SRLC16E => SRL16E: 1 instances
  SRLC32E => SRL16E: 49 instances

open_run: Time (s): cpu = 00:00:58 ; elapsed = 00:00:26 . Memory (MB): peak = 3962.516 ; gain = 587.625 ; free physical = 3914 ; free virtual = 33063
epoch time 588127223 hex value 230E1BF7
Input a four-character version number
Version is 010X
INIT String is 64'h30313058230E1BF7
Running write_bitstream, will take a couple minutes
Command: write_cfgmem -force -format bin -size 32 -interface SPIx1 -loadbit {up 0x00000000 "quabo_fwid.bit" } -file quabo_010X_230E1BF7.bin
Creating config memory files...
Creating bitstream load up from address 0x00000000
Loading bitfile quabo_fwid.bit
Writing file ./quabo_010X_230E1BF7.bin
Writing log file ./quabo_010X_230E1BF7.prm
===================================
Configuration Memory information
===================================
File Format        BIN
Interface          SPIX1
Size               32M
Start Address      0x00000000
End Address        0x01FFFFFF

Addr1         Addr2         Date                    File(s)
0x00000000    0x00661EDB    Apr 28 19:27:30 2020    quabo_fwid.bit
13 Infos, 0 Warnings, 0 Critical Warnings and 0 Errors encountered.
write_cfgmem completed successfully
source -notrace create_binfile.tcl
/media/wei/DATA/LW/Project/Vivado_Project/Panoseti/V0105_NEW/build/quabo_V0105
/media/wei/DATA/LW/Project/Vivado_Project/Panoseti/V0105_NEW/build/quabo_V0105/quabo_V0105.xpr
Scanning sources...
Finished scanning sources
INFO: [IP_Flow 19-234] Refreshing IP repositories
INFO: [IP_Flow 19-1700] Loaded user IP repository '/media/wei/DATA/LW/Project/Vivado_Project/Panoseti/V0105_NEW/quabo_master/ip_repo'.
INFO: [IP_Flow 19-2313] Loaded Vivado IP repository '/home/wei/Software/Vivado/install/Vivado/2018.3/data/ip'.
open_project: Time (s): cpu = 00:00:05 ; elapsed = 00:00:09 . Memory (MB): peak = 3962.516 ; gain = 0.000 ; free physical = 4501 ; free virtual = 33394
INFO: [Netlist 29-17] Analyzing 4555 Unisim elements for replacement
INFO: [Netlist 29-28] Unisim Transformation completed in 0 CPU seconds
INFO: [Project 1-479] Netlist was created with Vivado 2018.3.1_AR71948
INFO: [Project 1-570] Preparing netlist for logic optimization
INFO: [Timing 38-478] Restoring timing data from binary archive.
INFO: [Timing 38-479] Binary timing data restore complete.
INFO: [Project 1-856] Restoring constraints from binary archive.
INFO: [Project 1-853] Binary constraint restore complete.
Reading XDEF placement.
Reading placer database...
Reading XDEF routing.
Read XDEF File: Time (s): cpu = 00:00:03 ; elapsed = 00:00:03 . Memory (MB): peak = 3962.516 ; gain = 0.000 ; free physical = 4174 ; free virtual = 33067
Restored from archive | CPU: 2.800000 secs | Memory: 74.413795 MB |
Finished XDEF File Restore: Time (s): cpu = 00:00:03 ; elapsed = 00:00:03 . Memory (MB): peak = 3962.516 ; gain = 0.000 ; free physical = 4174 ; free virtual = 33067
Generating merged BMM file for the design top 'base_mb_wrapper'...
INFO: [Memdata 28-144] Successfully populated the BRAM INIT strings from the following elf files: /media/wei/DATA/LW/Project/Vivado_Project/Panoseti/V0105_NEW/quabo_master/SDK/quabo_service/Debug/quabo_service.elf 
Netlist sorting complete. Time (s): cpu = 00:00:00.01 ; elapsed = 00:00:00.01 . Memory (MB): peak = 4007.820 ; gain = 0.000 ; free physical = 4181 ; free virtual = 33074
INFO: [Project 1-111] Unisim Transformation Summary:
  A total of 926 instances were transformed.
  CFGLUT5 => CFGLUT5 (SRLC32E, SRL16E): 64 instances
  IOBUF => IOBUF (IBUF, OBUFT): 7 instances
  LUT6_2 => LUT6_2 (LUT5, LUT6): 31 instances
  RAM32M => RAM32M (RAMD32, RAMD32, RAMD32, RAMD32, RAMD32, RAMD32, RAMS32, RAMS32): 38 instances
  RAM32X1D => RAM32X1D (RAMD32, RAMD32): 32 instances
  RAM64M => RAM64M (RAMD64E, RAMD64E, RAMD64E, RAMD64E): 336 instances
  RAM64X1D => RAM64X1D (RAMD64E, RAMD64E): 368 instances
  SRLC16E => SRL16E: 1 instances
  SRLC32E => SRL16E: 49 instances

open_run: Time (s): cpu = 00:00:57 ; elapsed = 00:00:26 . Memory (MB): peak = 4007.820 ; gain = 45.305 ; free physical = 4181 ; free virtual = 33074
epoch time 588129622 hex value 230E2556
Input a four-character version number
Version is 010X
INIT String is 64'h30313058230E2556
Running write_bitstream, will take a couple minutes
Command: write_cfgmem -force -format bin -size 32 -interface SPIx1 -loadbit {up 0x00000000 "quabo_fwid.bit" } -file quabo_010X_230E2556.bin
Creating config memory files...
Creating bitstream load up from address 0x00000000
Loading bitfile quabo_fwid.bit
Writing file ./quabo_010X_230E2556.bin
Writing log file ./quabo_010X_230E2556.prm
===================================
Configuration Memory information
===================================
File Format        BIN
Interface          SPIX1
Size               32M
Start Address      0x00000000
End Address        0x01FFFFFF

Addr1         Addr2         Date                    File(s)
0x00000000    0x00661EDB    Apr 28 20:07:28 2020    quabo_fwid.bit
13 Infos, 0 Warnings, 0 Critical Warnings and 0 Errors encountered.
write_cfgmem completed successfully
source -notrace create_binfile.tcl
/media/wei/DATA/LW/Project/Vivado_Project/Panoseti/V0105_NEW/build/quabo_V0105
/media/wei/DATA/LW/Project/Vivado_Project/Panoseti/V0105_NEW/build/quabo_V0105/quabo_V0105.xpr
Scanning sources...
Finished scanning sources
INFO: [IP_Flow 19-234] Refreshing IP repositories
INFO: [IP_Flow 19-1700] Loaded user IP repository '/media/wei/DATA/LW/Project/Vivado_Project/Panoseti/V0105_NEW/quabo_master/ip_repo'.
INFO: [IP_Flow 19-2313] Loaded Vivado IP repository '/home/wei/Software/Vivado/install/Vivado/2018.3/data/ip'.
open_project: Time (s): cpu = 00:00:06 ; elapsed = 00:00:17 . Memory (MB): peak = 4007.820 ; gain = 0.000 ; free physical = 1695 ; free virtual = 31157
INFO: [Netlist 29-17] Analyzing 4412 Unisim elements for replacement
INFO: [Netlist 29-28] Unisim Transformation completed in 0 CPU seconds
INFO: [Project 1-479] Netlist was created with Vivado 2018.3.1_AR71948
INFO: [Project 1-570] Preparing netlist for logic optimization
INFO: [Timing 38-478] Restoring timing data from binary archive.
INFO: [Timing 38-479] Binary timing data restore complete.
INFO: [Project 1-856] Restoring constraints from binary archive.
INFO: [Project 1-853] Binary constraint restore complete.
Reading XDEF placement.
Reading placer database...
Reading XDEF routing.
Read XDEF File: Time (s): cpu = 00:00:03 ; elapsed = 00:00:03 . Memory (MB): peak = 4007.820 ; gain = 0.000 ; free physical = 1304 ; free virtual = 30889
Restored from archive | CPU: 2.690000 secs | Memory: 70.477211 MB |
Finished XDEF File Restore: Time (s): cpu = 00:00:03 ; elapsed = 00:00:03 . Memory (MB): peak = 4007.820 ; gain = 0.000 ; free physical = 1304 ; free virtual = 30889
Generating merged BMM file for the design top 'base_mb_wrapper'...
INFO: [Memdata 28-144] Successfully populated the BRAM INIT strings from the following elf files: /media/wei/DATA/LW/Project/Vivado_Project/Panoseti/V0105_NEW/quabo_master/SDK/quabo_service/Debug/quabo_service.elf 
Netlist sorting complete. Time (s): cpu = 00:00:00.01 ; elapsed = 00:00:00.02 . Memory (MB): peak = 4033.117 ; gain = 0.000 ; free physical = 1181 ; free virtual = 30889
INFO: [Project 1-111] Unisim Transformation Summary:
  A total of 856 instances were transformed.
  IOBUF => IOBUF (IBUF, OBUFT): 7 instances
  LUT6_2 => LUT6_2 (LUT5, LUT6): 31 instances
  RAM32M => RAM32M (RAMD32, RAMD32, RAMD32, RAMD32, RAMD32, RAMD32, RAMS32, RAMS32): 32 instances
  RAM32X1D => RAM32X1D (RAMD32, RAMD32): 32 instances
  RAM64M => RAM64M (RAMD64E, RAMD64E, RAMD64E, RAMD64E): 336 instances
  RAM64X1D => RAM64X1D (RAMD64E, RAMD64E): 368 instances
  SRLC16E => SRL16E: 1 instances
  SRLC32E => SRL16E: 49 instances

open_run: Time (s): cpu = 00:01:00 ; elapsed = 00:00:26 . Memory (MB): peak = 4033.117 ; gain = 25.297 ; free physical = 1181 ; free virtual = 30890
epoch time 588139743 hex value 230E4CDF
Input a four-character version number
Version is 010X
INIT String is 64'h30313058230E4CDF
Running write_bitstream, will take a couple minutes
Command: write_cfgmem -force -format bin -size 32 -interface SPIx1 -loadbit {up 0x00000000 "quabo_fwid.bit" } -file quabo_010X_230E4CDF.bin
Creating config memory files...
Creating bitstream load up from address 0x00000000
Loading bitfile quabo_fwid.bit
Writing file ./quabo_010X_230E4CDF.bin
Writing log file ./quabo_010X_230E4CDF.prm
===================================
Configuration Memory information
===================================
File Format        BIN
Interface          SPIX1
Size               32M
Start Address      0x00000000
End Address        0x01FFFFFF

Addr1         Addr2         Date                    File(s)
0x00000000    0x00661EDB    Apr 28 22:56:13 2020    quabo_fwid.bit
13 Infos, 0 Warnings, 0 Critical Warnings and 0 Errors encountered.
write_cfgmem completed successfully
exit
INFO: [Common 17-206] Exiting Vivado at Tue Apr 28 23:08:20 2020...
